===== 2021-03-04 13:49:28 CET ==================
Checking php-5.6.40.tar.bz2 for OpCache...
Making PHP 5.6.40-2 packages for Debian jessie...
Logs will be in debian/8/dist/5.6.40-2/.logs/
Building the 'epi-build-php:jessie-5.6.40' image...
Running the 'epi-build-php-5.6.40_jessie' container:
    docker run -v /home/cedric/www/e/infra-build-php/debian/8/dist/5.6.40-2:/opt/php-mk/dist --name epi-build-php-5.6.40_jessie --rm epi-build-php:jessie-5.6.40
Found source of PHP 5.6.40 in /opt/php-mk/files/
Extracting php-5.6.40 source...
Using option found in 'configure --help': --with-mysql
Using option found in 'configure --help': --with-mcrypt
Using option found in 'configure --help': --enable-gd-native-ttf
Using option found in 'configure --help': --enable-phpdbg
Using option found in 'configure --help': --enable-fpm
Using option found in 'configure --help': --with-fpm-systemd
Using option found in 'configure --help': --with-pear=/usr/share/php
Using option found in 'configure --help': --with-gd
Using option found in 'configure --help': --with-freetype-dir=/usr
Using option found in 'configure --help': --with-jpeg-dir=/usr
Using option found in 'configure --help': --with-xpm-dir=/usr,/usr/X11R6
Using option found in 'configure --help': --with-png-dir=/usr
Using option found in 'configure --help': --with-readline=/usr
Using option found in 'configure --help': --with-pcre-regex
Using option found in 'configure --help': --enable-zip
Using option found in 'configure --help': --enable-wddx
Configuring php-5.6.40 with APCu + OAuth...
configure: WARNING: APCu has access to native rwlocks
2021-03-04 13:54:40 Building php-5.6.40...
2021-03-04 13:59:18 Testing php-5.6.40...
FAILED TEST SUMMARY
---------------------------------------------------------------------
Bug #48182: ssl handshake fails during asynchronous socket connection [ext/openssl/tests/bug48182.phpt]
Bug #54992: Stream not closed and error not returned when SSL CN_match fails [ext/openssl/tests/bug54992.phpt]
Bug #65538: SSL context "cafile" supports stream wrappers [ext/openssl/tests/bug65538_001.phpt]
Bug #65538: SSL context "cafile" disallows URL stream wrappers [ext/openssl/tests/bug65538_002.phpt]
Bug #65538: SSL context "cafile" supports phar wrapper [ext/openssl/tests/bug65538_003.phpt]
capture_peer_cert context captures on verify failure [ext/openssl/tests/capture_peer_cert_001.phpt]
Testing peer fingerprint on connection [ext/openssl/tests/openssl_peer_fingerprint_basic.phpt]
Peer verification enabled for client streams [ext/openssl/tests/peer_verification.phpt]
Capture SSL session meta array in stream context [ext/openssl/tests/session_meta_capture.phpt]
Basic bitwise stream crypto context flag assignment [ext/openssl/tests/stream_crypto_flags_001.phpt]
TLSv1.1 and TLSv1.2 bitwise stream crypto flag assignment [ext/openssl/tests/stream_crypto_flags_002.phpt]
Server bitwise stream crypto flag assignment [ext/openssl/tests/stream_crypto_flags_003.phpt]
Specific protocol method specification [ext/openssl/tests/stream_crypto_flags_004.phpt]
Allow host name mismatch when "verify_host" disabled [ext/openssl/tests/stream_verify_peer_name_002.phpt]
Host name mismatch triggers error [ext/openssl/tests/stream_verify_peer_name_003.phpt]
PDO MySQL specific class constants [ext/pdo_mysql/tests/pdo_mysql_class_constants.phpt]
Bug #71540 (NULL pointer dereference in xsl_ext_function_php()) [ext/xsl/tests/bug71540.phpt]
FPM: Test splited configuration and load order #68391 [sapi/fpm/tests/016.phpt]
FPM: Test fastcgi_finish_request function [sapi/fpm/tests/017.phpt]
FPM: Test global prefix [sapi/fpm/tests/019.phpt]
FPM: Test pool prefix [sapi/fpm/tests/020.phpt]
FPM: HTTP_PROXY - CVE-2016-5385 [sapi/fpm/tests/022-cve-2016-5385.phpt]
=====================================================================
2021-03-04 14:06:51 Tests of php-5.6.40 completed.
Installing package 'cli'...
Assembling package 'cli'...
Checking   package 'cli': epi-php-5.6-cli_5.6.40-2+deb8_amd64.deb...
Installing package 'pear'...
Removing extra license file doc/epi-php-pear/PEAR/LICENSE.
Removing extra license file doc/epi-php-pear/Structures_Graph/LICENSE.
Assembling package 'pear'...
Checking   package 'pear': epi-php-pear_1.10.7-1_all.deb...
Installing package 'mod'...
Assembling package 'mod'...
Checking   package 'mod': epi-php-5.6-mod_5.6.40-2+deb8_amd64.deb...
Installing package 'fpm'...
Assembling package 'fpm'...
Checking   package 'fpm': epi-php-5.6-fpm_5.6.40-2+deb8_amd64.deb...
Installing package 'phpdbg'...
Assembling package 'phpdbg'...
Checking   package 'phpdbg': epi-php-5.6-phpdbg_5.6.40-2+deb8_amd64.deb...
Skipping   package 'mysql'
FAILED to check the following package(s):
    cli
[31mFAILED to make PHP 5.6.40-2 packages for Debian jessie![37m
