===== 2021-03-04 22:35:20 CET ==================
Making PHP 7.1.33-3 packages for Debian jessie...
Logs will be in debian/8/dist/7.1.33-3/.logs/
Deleting the existing 'epi-build-php:jessie-7.1.33' image...
Building the 'epi-build-php:jessie-7.1.33' image...
Running the 'epi-build-php-7.1.33_jessie' container:
    docker run -v /home/cedric/www/e/infra-build-php/debian/8/dist/7.1.33-3:/opt/php-mk/dist --name epi-build-php-7.1.33_jessie --rm epi-build-php:jessie-7.1.33
Found source of PHP 7.1.33 in /opt/php-mk/files/
Extracting php-7.1.33 source...
Using option found in 'configure --help': --with-mcrypt
Using option found in 'configure --help': --enable-gd-native-ttf
Using option found in 'configure --help': --enable-phpdbg
Using option found in 'configure --help': --enable-phpdbg-webhelper
Using option found in 'configure --help': --enable-fpm
Using option found in 'configure --help': --with-fpm-systemd
Using option found in 'configure --help': --with-pear=/usr/share/php
Using option found in 'configure --help': --with-gd
Using option found in 'configure --help': --with-freetype-dir=/usr
Using option found in 'configure --help': --with-jpeg-dir=/usr
Using option found in 'configure --help': --with-xpm-dir=/usr,/usr/X11R6
Using option found in 'configure --help': --with-png-dir=/usr
Using option found in 'configure --help': --with-readline=/usr
Using option found in 'configure --help': --with-pcre-regex
Using option found in 'configure --help': --enable-zip
Using option found in 'configure --help': --enable-wddx
Patching file ext/mysql/php_mysql.c
Configuring php-7.1.33 with APCu + ereg + MySQL(shared) + OAuth + SSH2...
2021-03-04 22:39:51 Building php-7.1.33...
2021-03-04 22:44:31 Testing php-7.1.33...
FAILED TEST SUMMARY
---------------------------------------------------------------------
Test ereg() function : usage variations  - unexpected type arg 1 [ext/ereg/tests/ereg_variation_001.phpt]
Test ereg() function : usage variations - pass non-variable as arg 3, which is pass-by-ref. [ext/ereg/tests/ereg_variation_004.phpt]
Test eregi() function : usage variations  - unexpected type arg 1 [ext/ereg/tests/eregi_variation_001.phpt]
Test eregi() function : usage variations - pass non-variable as arg 3, which is pass-by-ref. [ext/ereg/tests/eregi_variation_004.phpt]
Bug #75434 Wrong reflection for mysqli_fetch_all function [ext/mysqli/tests/bug75434.phpt]
Bug #48182: ssl handshake fails during asynchronous socket connection [ext/openssl/tests/bug48182.phpt]
Bug #54992: Stream not closed and error not returned when SSL CN_match fails [ext/openssl/tests/bug54992.phpt]
Bug #65538: SSL context "cafile" supports stream wrappers [ext/openssl/tests/bug65538_001.phpt]
Bug #65538: SSL context "cafile" disallows URL stream wrappers [ext/openssl/tests/bug65538_002.phpt]
Bug #65538: SSL context "cafile" supports phar wrapper [ext/openssl/tests/bug65538_003.phpt]
Bug #74159: Writing a large buffer to non-blocking encrypted streams fails [ext/openssl/tests/bug74159.phpt]
capture_peer_cert context captures on verify failure [ext/openssl/tests/capture_peer_cert_001.phpt]
Testing peer fingerprint on connection [ext/openssl/tests/openssl_peer_fingerprint_basic.phpt]
Peer verification enabled for client streams [ext/openssl/tests/peer_verification.phpt]
Capture SSL session meta array in stream context [ext/openssl/tests/session_meta_capture.phpt]
Basic bitwise stream crypto context flag assignment [ext/openssl/tests/stream_crypto_flags_001.phpt]
TLSv1.1 and TLSv1.2 bitwise stream crypto flag assignment [ext/openssl/tests/stream_crypto_flags_002.phpt]
Server bitwise stream crypto flag assignment [ext/openssl/tests/stream_crypto_flags_003.phpt]
Specific protocol method specification [ext/openssl/tests/stream_crypto_flags_004.phpt]
Allow host name mismatch when "verify_host" disabled [ext/openssl/tests/stream_verify_peer_name_002.phpt]
Host name mismatch triggers error [ext/openssl/tests/stream_verify_peer_name_003.phpt]
PDO MySQL specific class constants [ext/pdo_mysql/tests/pdo_mysql_class_constants.phpt]
Bug #76348 (WSDL_CACHE_MEMORY causes Segmentation fault) [ext/soap/tests/bugs/bug76348.phpt]
Directory class behaviour. [ext/standard/tests/directory/DirectoryClass_error_001-mb.phpt]
stream context tcp_nodelay fopen [ext/standard/tests/streams/stream_context_tcp_nodelay_fopen.phpt]
Bug #71540 (NULL pointer dereference in xsl_ext_function_php()) [ext/xsl/tests/bug71540.phpt]
=====================================================================
2021-03-04 22:53:09 Tests of php-7.1.33 completed.
Installing package 'cli'...
Assembling package 'cli'...
Checking   package 'cli': epi-php-7.1-cli_7.1.33-3+deb8_amd64.deb...
Installing package 'pear'...
Removing extra license file doc/epi-php-pear/PEAR/LICENSE.
Removing extra license file doc/epi-php-pear/Structures_Graph/LICENSE.
Assembling package 'pear'...
Checking   package 'pear': epi-php-pear_1.10.9-1_all.deb...
Installing package 'mod'...
Assembling package 'mod'...
Checking   package 'mod': epi-php-7.1-mod_7.1.33-3+deb8_amd64.deb...
Installing package 'fpm'...
Assembling package 'fpm'...
Checking   package 'fpm': epi-php-7.1-fpm_7.1.33-3+deb8_amd64.deb...
Installing package 'phpdbg'...
Assembling package 'phpdbg'...
Checking   package 'phpdbg': epi-php-7.1-phpdbg_7.1.33-3+deb8_amd64.deb...
Installing package 'mysql'...
Assembling package 'mysql'...
Checking   package 'mysql': epi-php-7.1-mysql_7.1.33-3+deb8_amd64.deb...
FAILED to check the following package(s):
    cli
[31mFAILED to make PHP 7.1.33-3 packages for Debian jessie![37m
