removed '/opt/php-mk/pkgs/01-pear/top/.filemap'
removed '/opt/php-mk/pkgs/01-pear/top/.depdb'
removed '/opt/php-mk/pkgs/01-pear/top/.depdblock'
removed '/opt/php-mk/pkgs/01-pear/top/.lock'
removed '/opt/php-mk/pkgs/01-pear/top/usr/share/php/.depdb'
removed '/opt/php-mk/pkgs/01-pear/top/usr/share/php/.depdblock'
removed '/opt/php-mk/pkgs/01-pear/top/usr/share/php/.lock'
removed '/opt/php-mk/pkgs/01-pear/top/.channels/__uri.reg'
removed '/opt/php-mk/pkgs/01-pear/top/.channels/pear.php.net.reg'
removed '/opt/php-mk/pkgs/01-pear/top/.channels/pecl.php.net.reg'
removed '/opt/php-mk/pkgs/01-pear/top/.channels/doc.php.net.reg'
removed '/opt/php-mk/pkgs/01-pear/top/.channels/.alias/pecl.txt'
removed '/opt/php-mk/pkgs/01-pear/top/.channels/.alias/phpdocs.txt'
removed '/opt/php-mk/pkgs/01-pear/top/.channels/.alias/pear.txt'
rmdir: removing directory, '/opt/php-mk/pkgs/01-pear/top/.channels/.alias'
rmdir: removing directory, '/opt/php-mk/pkgs/01-pear/top/.channels'
rmdir: removing directory, '/opt/php-mk/pkgs/01-pear/top/.registry/.channel.doc.php.net'
rmdir: removing directory, '/opt/php-mk/pkgs/01-pear/top/.registry/.channel.__uri'
rmdir: removing directory, '/opt/php-mk/pkgs/01-pear/top/.registry/.channel.pecl.php.net'
rmdir: removing directory, '/opt/php-mk/pkgs/01-pear/top/.registry'
rmdir: removing directory, '/opt/php-mk/pkgs/01-pear/top/usr/share/php/.registry/.channel.__uri'
rmdir: removing directory, '/opt/php-mk/pkgs/01-pear/top/usr/share/php/.registry/.channel.doc.php.net'
rmdir: removing directory, '/opt/php-mk/pkgs/01-pear/top/usr/share/php/.registry/.channel.pecl.php.net'
removed '/opt/php-mk/pkgs/01-pear/top/usr/share/php/doc/PEAR/LICENSE'
removed '/opt/php-mk/pkgs/01-pear/top/usr/share/php/data/Structures_Graph/LICENSE'
